0 info it worked if it ends with ok
1 verbose cli [ '/usr/bin/node', '/usr/bin/npm', 'run', 'lint:fix' ]
2 info using npm@3.5.2
3 info using node@v8.10.0
4 verbose stack Error: ENOENT: no such file or directory, open '/media/xmetal/data/Personal/gitRepos/Homepage/package.json'
5 verbose cwd /media/xmetal/data/Personal/gitRepos/Homepage
6 error Linux 4.15.0-51-generic
7 error argv "/usr/bin/node" "/usr/bin/npm" "run" "lint:fix"
8 error node v8.10.0
9 error npm  v3.5.2
10 error path /media/xmetal/data/Personal/gitRepos/Homepage/package.json
11 error code ENOENT
12 error errno -2
13 error syscall open
14 error enoent ENOENT: no such file or directory, open '/media/xmetal/data/Personal/gitRepos/Homepage/package.json'
15 error enoent ENOENT: no such file or directory, open '/media/xmetal/data/Personal/gitRepos/Homepage/package.json'
15 error enoent This is most likely not a problem with npm itself
15 error enoent and is related to npm not being able to find a file.
16 verbose exit [ -2, true ]
=======
>>>>>>> 79799408... fixes
4 verbose run-script [ 'prelint:fix', 'lint:fix', 'postlint:fix' ]
5 info lifecycle homepage@1.0.0~prelint:fix: homepage@1.0.0
6 silly lifecycle homepage@1.0.0~prelint:fix: no script for prelint:fix, continuing
7 info lifecycle homepage@1.0.0~lint:fix: homepage@1.0.0
8 verbose lifecycle homepage@1.0.0~lint:fix: unsafe-perm in lifecycle true
9 verbose lifecycle homepage@1.0.0~lint:fix: PATH: /usr/share/npm/bin/node-gyp-bin:/media/xmetal/data/Personal/gitRepos/Homepage/node_modules/.bin:/home/xmetal/.local/bin:/usr/local/sbin:/usr/local/bin:/usr/sbin:/usr/bin:/sbin:/bin:/usr/games:/usr/local/games:/snap/bin
10 verbose lifecycle homepage@1.0.0~lint:fix: CWD: /media/xmetal/data/Personal/gitRepos/Homepage
11 silly lifecycle homepage@1.0.0~lint:fix: Args: [ '-c', 'eslint . --fix' ]
12 silly lifecycle homepage@1.0.0~lint:fix: Returned: code: 2  signal: null
13 info lifecycle homepage@1.0.0~lint:fix: Failed to exec lint:fix script
14 verbose stack Error: homepage@1.0.0 lint:fix: `eslint . --fix`
14 verbose stack Exit status 2
14 verbose stack     at EventEmitter.<anonymous> (/usr/share/npm/lib/utils/lifecycle.js:232:16)
14 verbose stack     at emitTwo (events.js:126:13)
14 verbose stack     at EventEmitter.emit (events.js:214:7)
14 verbose stack     at ChildProcess.<anonymous> (/usr/share/npm/lib/utils/spawn.js:24:14)
14 verbose stack     at emitTwo (events.js:126:13)
14 verbose stack     at ChildProcess.emit (events.js:214:7)
14 verbose stack     at maybeClose (internal/child_process.js:925:16)
14 verbose stack     at Process.ChildProcess._handle.onexit (internal/child_process.js:209:5)
15 verbose pkgid homepage@1.0.0
16 verbose cwd /media/xmetal/data/Personal/gitRepos/Homepage
17 error Linux 4.15.0-51-generic
18 error argv "/usr/bin/node" "/usr/bin/npm" "run" "lint:fix"
19 error node v8.10.0
20 error npm  v3.5.2
21 error code ELIFECYCLE
22 error homepage@1.0.0 lint:fix: `eslint . --fix`
22 error Exit status 2
23 error Failed at the homepage@1.0.0 lint:fix script 'eslint . --fix'.
23 error Make sure you have the latest version of node.js and npm installed.
23 error If you do, this is most likely a problem with the homepage package,
23 error not with npm itself.
23 error Tell the author that this fails on your system:
23 error     eslint . --fix
23 error You can get information on how to open an issue for this project with:
23 error     npm bugs homepage
23 error Or if that isn't available, you can get their info via:
23 error     npm owner ls homepage
23 error There is likely additional logging output above.
24 verbose exit [ 1, true ]
